{"C:\\Users\\Justi\\Documents\\GitHub\\GameMaster\\index.js": {"path":"C:\\Users\\Justi\\Documents\\GitHub\\GameMaster\\index.js","statementMap":{"0":{"start":{"line":1,"column":16},"end":{"line":1,"column":37}},"1":{"start":{"line":3,"column":0},"end":{"line":3,"column":26}},"2":{"start":{"line":5,"column":15},"end":{"line":7,"column":2}},"3":{"start":{"line":9,"column":10},"end":{"line":11,"column":1}},"4":{"start":{"line":13,"column":0},"end":{"line":15,"column":2}},"5":{"start":{"line":14,"column":4},"end":{"line":14,"column":50}},"6":{"start":{"line":17,"column":0},"end":{"line":17,"column":47}},"7":{"start":{"line":19,"column":0},"end":{"line":19,"column":92}},"8":{"start":{"line":19,"column":44},"end":{"line":19,"column":92}},"9":{"start":{"line":20,"column":0},"end":{"line":20,"column":36}},"10":{"start":{"line":22,"column":0},"end":{"line":34,"column":2}},"11":{"start":{"line":23,"column":4},"end":{"line":23,"column":40}},"12":{"start":{"line":23,"column":34},"end":{"line":23,"column":40}},"13":{"start":{"line":24,"column":4},"end":{"line":24,"column":101}},"14":{"start":{"line":24,"column":32},"end":{"line":24,"column":101}},"15":{"start":{"line":26,"column":21},"end":{"line":26,"column":70}},"16":{"start":{"line":28,"column":4},"end":{"line":28,"column":68}},"17":{"start":{"line":28,"column":19},"end":{"line":28,"column":68}},"18":{"start":{"line":30,"column":4},"end":{"line":31,"column":79}},"19":{"start":{"line":31,"column":8},"end":{"line":31,"column":79}},"20":{"start":{"line":33,"column":4},"end":{"line":33,"column":37}},"21":{"start":{"line":37,"column":0},"end":{"line":37,"column":31}}},"fnMap":{"0":{"name":"(anonymous_0)","decl":{"start":{"line":13,"column":19},"end":{"line":13,"column":20}},"loc":{"start":{"line":13,"column":25},"end":{"line":15,"column":1}},"line":13},"1":{"name":"(anonymous_1)","decl":{"start":{"line":19,"column":27},"end":{"line":19,"column":28}},"loc":{"start":{"line":19,"column":44},"end":{"line":19,"column":92}},"line":19},"2":{"name":"(anonymous_2)","decl":{"start":{"line":22,"column":31},"end":{"line":22,"column":32}},"loc":{"start":{"line":22,"column":48},"end":{"line":34,"column":1}},"line":22}},"branchMap":{"0":{"loc":{"start":{"line":23,"column":4},"end":{"line":23,"column":40}},"type":"if","locations":[{"start":{"line":23,"column":4},"end":{"line":23,"column":40}},{"start":{},"end":{}}],"line":23},"1":{"loc":{"start":{"line":24,"column":4},"end":{"line":24,"column":101}},"type":"if","locations":[{"start":{"line":24,"column":4},"end":{"line":24,"column":101}},{"start":{},"end":{}}],"line":24},"2":{"loc":{"start":{"line":28,"column":4},"end":{"line":28,"column":68}},"type":"if","locations":[{"start":{"line":28,"column":4},"end":{"line":28,"column":68}},{"start":{},"end":{}}],"line":28},"3":{"loc":{"start":{"line":30,"column":4},"end":{"line":31,"column":79}},"type":"if","locations":[{"start":{"line":30,"column":4},"end":{"line":31,"column":79}},{"start":{},"end":{}}],"line":30},"4":{"loc":{"start":{"line":30,"column":8},"end":{"line":30,"column":75}},"type":"binary-expr","locations":[{"start":{"line":30,"column":8},"end":{"line":30,"column":21}},{"start":{"line":30,"column":25},"end":{"line":30,"column":75}}],"line":30}},"s":{"0":1,"1":1,"2":1,"3":1,"4":1,"5":0,"6":1,"7":1,"8":1,"9":1,"10":1,"11":0,"12":0,"13":0,"14":0,"15":0,"16":0,"17":0,"18":0,"19":0,"20":0,"21":1},"f":{"0":0,"1":1,"2":0},"b":{"0":[0,0],"1":[0,0],"2":[0,0],"3":[0,0],"4":[0,0]},"_coverageSchema":"1a1c01bbd47fc00a2c39e90264f33305004495a9","hash":"8dba42042135877d4d86e894db7d3fe57eec7041"}
,"C:\\Users\\Justi\\Documents\\GitHub\\GameMaster\\handlers\\slashcommands.js": {"path":"C:\\Users\\Justi\\Documents\\GitHub\\GameMaster\\handlers\\slashcommands.js","statementMap":{"0":{"start":{"line":1,"column":11},"end":{"line":1,"column":24}},"1":{"start":{"line":3,"column":17},"end":{"line":5,"column":1}},"2":{"start":{"line":4,"column":4},"end":{"line":4,"column":63}},"3":{"start":{"line":4,"column":44},"end":{"line":4,"column":62}},"4":{"start":{"line":7,"column":0},"end":{"line":20,"column":1}},"5":{"start":{"line":8,"column":23},"end":{"line":8,"column":26}},"6":{"start":{"line":10,"column":24},"end":{"line":10,"column":59}},"7":{"start":{"line":12,"column":4},"end":{"line":13,"column":47}},"8":{"start":{"line":13,"column":8},"end":{"line":13,"column":47}},"9":{"start":{"line":15,"column":4},"end":{"line":19,"column":6}},"10":{"start":{"line":16,"column":8},"end":{"line":16,"column":82}},"11":{"start":{"line":16,"column":20},"end":{"line":16,"column":82}},"12":{"start":{"line":17,"column":25},"end":{"line":17,"column":57}},"13":{"start":{"line":18,"column":8},"end":{"line":18,"column":57}}},"fnMap":{"0":{"name":"(anonymous_0)","decl":{"start":{"line":3,"column":17},"end":{"line":3,"column":18}},"loc":{"start":{"line":3,"column":35},"end":{"line":5,"column":1}},"line":3},"1":{"name":"(anonymous_1)","decl":{"start":{"line":4,"column":39},"end":{"line":4,"column":40}},"loc":{"start":{"line":4,"column":44},"end":{"line":4,"column":62}},"line":4},"2":{"name":"(anonymous_2)","decl":{"start":{"line":7,"column":17},"end":{"line":7,"column":18}},"loc":{"start":{"line":7,"column":34},"end":{"line":20,"column":1}},"line":7},"3":{"name":"(anonymous_3)","decl":{"start":{"line":15,"column":26},"end":{"line":15,"column":27}},"loc":{"start":{"line":15,"column":31},"end":{"line":19,"column":5}},"line":15}},"branchMap":{"0":{"loc":{"start":{"line":12,"column":4},"end":{"line":13,"column":47}},"type":"if","locations":[{"start":{"line":12,"column":4},"end":{"line":13,"column":47}},{"start":{},"end":{}}],"line":12},"1":{"loc":{"start":{"line":16,"column":8},"end":{"line":16,"column":82}},"type":"if","locations":[{"start":{"line":16,"column":8},"end":{"line":16,"column":82}},{"start":{},"end":{}}],"line":16}},"s":{"0":1,"1":1,"2":1,"3":6,"4":1,"5":1,"6":1,"7":1,"8":0,"9":1,"10":6,"11":0,"12":6,"13":6},"f":{"0":1,"1":6,"2":1,"3":6},"b":{"0":[0,1],"1":[0,6]},"_coverageSchema":"1a1c01bbd47fc00a2c39e90264f33305004495a9","hash":"58bfc5fd9900b84e435cf3009c2d636fa19b25f5"}
,"C:\\Users\\Justi\\Documents\\GitHub\\GameMaster\\slashcommands\\hilo.js": {"path":"C:\\Users\\Justi\\Documents\\GitHub\\GameMaster\\slashcommands\\hilo.js","statementMap":{"0":{"start":{"line":1,"column":33},"end":{"line":1,"column":54}},"1":{"start":{"line":2,"column":12},"end":{"line":152,"column":1}},"2":{"start":{"line":4,"column":19},"end":{"line":13,"column":89}},"3":{"start":{"line":18,"column":22},"end":{"line":18,"column":45}},"4":{"start":{"line":19,"column":21},"end":{"line":19,"column":42}},"5":{"start":{"line":20,"column":4},"end":{"line":20,"column":49}},"6":{"start":{"line":21,"column":25},"end":{"line":21,"column":49}},"7":{"start":{"line":22,"column":20},"end":{"line":22,"column":30}},"8":{"start":{"line":23,"column":17},"end":{"line":23,"column":24}},"9":{"start":{"line":28,"column":18},"end":{"line":34,"column":23}},"10":{"start":{"line":36,"column":14},"end":{"line":40,"column":6}},"11":{"start":{"line":42,"column":4},"end":{"line":42,"column":26}},"12":{"start":{"line":43,"column":4},"end":{"line":43,"column":26}},"13":{"start":{"line":46,"column":4},"end":{"line":53,"column":6}},"14":{"start":{"line":48,"column":8},"end":{"line":52,"column":17}},"15":{"start":{"line":49,"column":12},"end":{"line":49,"column":21}},"16":{"start":{"line":56,"column":19},"end":{"line":56,"column":69}},"17":{"start":{"line":56,"column":40},"end":{"line":56,"column":68}},"18":{"start":{"line":59,"column":22},"end":{"line":59,"column":81}},"19":{"start":{"line":61,"column":4},"end":{"line":147,"column":7}},"20":{"start":{"line":64,"column":8},"end":{"line":64,"column":34}},"21":{"start":{"line":65,"column":8},"end":{"line":65,"column":46}},"22":{"start":{"line":66,"column":8},"end":{"line":66,"column":43}},"23":{"start":{"line":67,"column":8},"end":{"line":67,"column":53}},"24":{"start":{"line":68,"column":8},"end":{"line":68,"column":32}},"25":{"start":{"line":69,"column":8},"end":{"line":72,"column":9}},"26":{"start":{"line":70,"column":12},"end":{"line":70,"column":39}},"27":{"start":{"line":71,"column":12},"end":{"line":71,"column":19}},"28":{"start":{"line":73,"column":30},"end":{"line":73,"column":54}},"29":{"start":{"line":77,"column":8},"end":{"line":122,"column":9}},"30":{"start":{"line":78,"column":12},"end":{"line":78,"column":29}},"31":{"start":{"line":79,"column":12},"end":{"line":79,"column":40}},"32":{"start":{"line":80,"column":12},"end":{"line":80,"column":41}},"33":{"start":{"line":81,"column":12},"end":{"line":97,"column":13}},"34":{"start":{"line":83,"column":16},"end":{"line":83,"column":34}},"35":{"start":{"line":84,"column":16},"end":{"line":84,"column":31}},"36":{"start":{"line":86,"column":17},"end":{"line":97,"column":13}},"37":{"start":{"line":88,"column":16},"end":{"line":88,"column":37}},"38":{"start":{"line":89,"column":16},"end":{"line":89,"column":31}},"39":{"start":{"line":94,"column":16},"end":{"line":94,"column":35}},"40":{"start":{"line":95,"column":16},"end":{"line":95,"column":31}},"41":{"start":{"line":100,"column":13},"end":{"line":122,"column":9}},"42":{"start":{"line":101,"column":12},"end":{"line":101,"column":29}},"43":{"start":{"line":102,"column":12},"end":{"line":102,"column":38}},"44":{"start":{"line":103,"column":12},"end":{"line":103,"column":40}},"45":{"start":{"line":104,"column":12},"end":{"line":104,"column":41}},"46":{"start":{"line":105,"column":12},"end":{"line":121,"column":13}},"47":{"start":{"line":107,"column":16},"end":{"line":107,"column":35}},"48":{"start":{"line":108,"column":16},"end":{"line":108,"column":31}},"49":{"start":{"line":111,"column":17},"end":{"line":121,"column":13}},"50":{"start":{"line":113,"column":16},"end":{"line":113,"column":37}},"51":{"start":{"line":114,"column":16},"end":{"line":114,"column":31}},"52":{"start":{"line":119,"column":16},"end":{"line":119,"column":34}},"53":{"start":{"line":120,"column":16},"end":{"line":120,"column":31}},"54":{"start":{"line":124,"column":8},"end":{"line":143,"column":9}},"55":{"start":{"line":125,"column":29},"end":{"line":125,"column":39}},"56":{"start":{"line":126,"column":26},"end":{"line":131,"column":104}},"57":{"start":{"line":132,"column":12},"end":{"line":132,"column":79}},"58":{"start":{"line":135,"column":22},"end":{"line":140,"column":84}},"59":{"start":{"line":141,"column":12},"end":{"line":141,"column":42}},"60":{"start":{"line":142,"column":12},"end":{"line":142,"column":19}},"61":{"start":{"line":145,"column":8},"end":{"line":145,"column":41}},"62":{"start":{"line":149,"column":4},"end":{"line":151,"column":7}},"63":{"start":{"line":150,"column":8},"end":{"line":150,"column":15}},"64":{"start":{"line":155,"column":16},"end":{"line":155,"column":59}},"65":{"start":{"line":156,"column":4},"end":{"line":156,"column":17}},"66":{"start":{"line":160,"column":4},"end":{"line":160,"column":30}},"67":{"start":{"line":162,"column":4},"end":{"line":162,"column":20}},"68":{"start":{"line":168,"column":11},"end":{"line":168,"column":26}},"69":{"start":{"line":169,"column":4},"end":{"line":169,"column":26}},"70":{"start":{"line":171,"column":16},"end":{"line":171,"column":29}},"71":{"start":{"line":172,"column":4},"end":{"line":172,"column":23}},"72":{"start":{"line":179,"column":4},"end":{"line":223,"column":5}},"73":{"start":{"line":180,"column":8},"end":{"line":180,"column":42}},"74":{"start":{"line":181,"column":8},"end":{"line":181,"column":27}},"75":{"start":{"line":182,"column":8},"end":{"line":221,"column":9}},"76":{"start":{"line":184,"column":16},"end":{"line":184,"column":26}},"77":{"start":{"line":185,"column":16},"end":{"line":185,"column":22}},"78":{"start":{"line":187,"column":16},"end":{"line":187,"column":26}},"79":{"start":{"line":188,"column":16},"end":{"line":188,"column":22}},"80":{"start":{"line":190,"column":16},"end":{"line":190,"column":26}},"81":{"start":{"line":191,"column":16},"end":{"line":191,"column":22}},"82":{"start":{"line":193,"column":16},"end":{"line":193,"column":26}},"83":{"start":{"line":194,"column":16},"end":{"line":194,"column":22}},"84":{"start":{"line":196,"column":16},"end":{"line":196,"column":26}},"85":{"start":{"line":197,"column":16},"end":{"line":197,"column":22}},"86":{"start":{"line":199,"column":16},"end":{"line":199,"column":26}},"87":{"start":{"line":200,"column":16},"end":{"line":200,"column":22}},"88":{"start":{"line":202,"column":16},"end":{"line":202,"column":26}},"89":{"start":{"line":203,"column":16},"end":{"line":203,"column":22}},"90":{"start":{"line":205,"column":16},"end":{"line":205,"column":26}},"91":{"start":{"line":206,"column":16},"end":{"line":206,"column":22}},"92":{"start":{"line":208,"column":16},"end":{"line":208,"column":27}},"93":{"start":{"line":209,"column":16},"end":{"line":209,"column":22}},"94":{"start":{"line":211,"column":16},"end":{"line":211,"column":27}},"95":{"start":{"line":212,"column":16},"end":{"line":212,"column":22}},"96":{"start":{"line":214,"column":16},"end":{"line":214,"column":27}},"97":{"start":{"line":215,"column":16},"end":{"line":215,"column":22}},"98":{"start":{"line":217,"column":16},"end":{"line":217,"column":27}},"99":{"start":{"line":218,"column":16},"end":{"line":218,"column":22}},"100":{"start":{"line":222,"column":8},"end":{"line":222,"column":21}},"101":{"start":{"line":225,"column":4},"end":{"line":225,"column":15}},"102":{"start":{"line":226,"column":4},"end":{"line":226,"column":17}},"103":{"start":{"line":229,"column":0},"end":{"line":236,"column":1}}},"fnMap":{"0":{"name":"(anonymous_0)","decl":{"start":{"line":2,"column":12},"end":{"line":2,"column":13}},"loc":{"start":{"line":2,"column":43},"end":{"line":152,"column":1}},"line":2},"1":{"name":"(anonymous_1)","decl":{"start":{"line":46,"column":22},"end":{"line":46,"column":23}},"loc":{"start":{"line":46,"column":43},"end":{"line":53,"column":5}},"line":46},"2":{"name":"(anonymous_2)","decl":{"start":{"line":48,"column":19},"end":{"line":48,"column":20}},"loc":{"start":{"line":48,"column":27},"end":{"line":52,"column":9}},"line":48},"3":{"name":"(anonymous_3)","decl":{"start":{"line":56,"column":19},"end":{"line":56,"column":20}},"loc":{"start":{"line":56,"column":39},"end":{"line":56,"column":69}},"line":56},"4":{"name":"(anonymous_4)","decl":{"start":{"line":61,"column":29},"end":{"line":61,"column":30}},"loc":{"start":{"line":61,"column":48},"end":{"line":147,"column":5}},"line":61},"5":{"name":"(anonymous_5)","decl":{"start":{"line":149,"column":25},"end":{"line":149,"column":26}},"loc":{"start":{"line":149,"column":30},"end":{"line":151,"column":5}},"line":149},"6":{"name":"getRandomCard","decl":{"start":{"line":154,"column":9},"end":{"line":154,"column":22}},"loc":{"start":{"line":154,"column":33},"end":{"line":157,"column":1}},"line":154},"7":{"name":"removeCard","decl":{"start":{"line":159,"column":9},"end":{"line":159,"column":19}},"loc":{"start":{"line":159,"column":37},"end":{"line":164,"column":1}},"line":159},"8":{"name":"getCardValue","decl":{"start":{"line":166,"column":9},"end":{"line":166,"column":21}},"loc":{"start":{"line":166,"column":28},"end":{"line":227,"column":1}},"line":166}},"branchMap":{"0":{"loc":{"start":{"line":69,"column":8},"end":{"line":72,"column":9}},"type":"if","locations":[{"start":{"line":69,"column":8},"end":{"line":72,"column":9}},{"start":{},"end":{}}],"line":69},"1":{"loc":{"start":{"line":77,"column":8},"end":{"line":122,"column":9}},"type":"if","locations":[{"start":{"line":77,"column":8},"end":{"line":122,"column":9}},{"start":{"line":100,"column":13},"end":{"line":122,"column":9}}],"line":77},"2":{"loc":{"start":{"line":81,"column":12},"end":{"line":97,"column":13}},"type":"if","locations":[{"start":{"line":81,"column":12},"end":{"line":97,"column":13}},{"start":{"line":86,"column":17},"end":{"line":97,"column":13}}],"line":81},"3":{"loc":{"start":{"line":86,"column":17},"end":{"line":97,"column":13}},"type":"if","locations":[{"start":{"line":86,"column":17},"end":{"line":97,"column":13}},{"start":{"line":92,"column":17},"end":{"line":97,"column":13}}],"line":86},"4":{"loc":{"start":{"line":100,"column":13},"end":{"line":122,"column":9}},"type":"if","locations":[{"start":{"line":100,"column":13},"end":{"line":122,"column":9}},{"start":{},"end":{}}],"line":100},"5":{"loc":{"start":{"line":105,"column":12},"end":{"line":121,"column":13}},"type":"if","locations":[{"start":{"line":105,"column":12},"end":{"line":121,"column":13}},{"start":{"line":111,"column":17},"end":{"line":121,"column":13}}],"line":105},"6":{"loc":{"start":{"line":111,"column":17},"end":{"line":121,"column":13}},"type":"if","locations":[{"start":{"line":111,"column":17},"end":{"line":121,"column":13}},{"start":{"line":117,"column":17},"end":{"line":121,"column":13}}],"line":111},"7":{"loc":{"start":{"line":124,"column":8},"end":{"line":143,"column":9}},"type":"if","locations":[{"start":{"line":124,"column":8},"end":{"line":143,"column":9}},{"start":{"line":134,"column":13},"end":{"line":143,"column":9}}],"line":124},"8":{"loc":{"start":{"line":179,"column":4},"end":{"line":223,"column":5}},"type":"if","locations":[{"start":{"line":179,"column":4},"end":{"line":223,"column":5}},{"start":{},"end":{}}],"line":179},"9":{"loc":{"start":{"line":182,"column":8},"end":{"line":221,"column":9}},"type":"switch","locations":[{"start":{"line":183,"column":12},"end":{"line":185,"column":22}},{"start":{"line":186,"column":12},"end":{"line":188,"column":22}},{"start":{"line":189,"column":12},"end":{"line":191,"column":22}},{"start":{"line":192,"column":12},"end":{"line":194,"column":22}},{"start":{"line":195,"column":12},"end":{"line":197,"column":22}},{"start":{"line":198,"column":12},"end":{"line":200,"column":22}},{"start":{"line":201,"column":12},"end":{"line":203,"column":22}},{"start":{"line":204,"column":12},"end":{"line":206,"column":22}},{"start":{"line":207,"column":12},"end":{"line":209,"column":22}},{"start":{"line":210,"column":12},"end":{"line":212,"column":22}},{"start":{"line":213,"column":12},"end":{"line":215,"column":22}},{"start":{"line":216,"column":12},"end":{"line":218,"column":22}},{"start":{"line":219,"column":12},"end":{"line":219,"column":20}}],"line":182}},"s":{"0":1,"1":1,"2":0,"3":0,"4":0,"5":0,"6":0,"7":0,"8":0,"9":0,"10":0,"11":0,"12":0,"13":0,"14":0,"15":0,"16":0,"17":0,"18":0,"19":0,"20":0,"21":0,"22":0,"23":0,"24":0,"25":0,"26":0,"27":0,"28":0,"29":0,"30":0,"31":0,"32":0,"33":0,"34":0,"35":0,"36":0,"37":0,"38":0,"39":0,"40":0,"41":0,"42":0,"43":0,"44":0,"45":0,"46":0,"47":0,"48":0,"49":0,"50":0,"51":0,"52":0,"53":0,"54":0,"55":0,"56":0,"57":0,"58":0,"59":0,"60":0,"61":0,"62":0,"63":0,"64":2,"65":2,"66":1,"67":1,"68":52,"69":52,"70":52,"71":52,"72":52,"73":48,"74":48,"75":48,"76":4,"77":4,"78":4,"79":4,"80":4,"81":4,"82":4,"83":4,"84":4,"85":4,"86":4,"87":4,"88":4,"89":4,"90":4,"91":4,"92":4,"93":4,"94":4,"95":4,"96":4,"97":4,"98":4,"99":4,"100":48,"101":4,"102":4,"103":1},"f":{"0":0,"1":0,"2":0,"3":0,"4":0,"5":0,"6":2,"7":1,"8":52},"b":{"0":[0,0],"1":[0,0],"2":[0,0],"3":[0,0],"4":[0,0],"5":[0,0],"6":[0,0],"7":[0,0],"8":[48,4],"9":[4,4,4,4,4,4,4,4,4,4,4,4,0]},"_coverageSchema":"1a1c01bbd47fc00a2c39e90264f33305004495a9","hash":"7803bd06cb4357f5acc208917bbe60e72c62d49a"}
,"C:\\Users\\Justi\\Documents\\GitHub\\GameMaster\\slashcommands\\kick.js": {"path":"C:\\Users\\Justi\\Documents\\GitHub\\GameMaster\\slashcommands\\kick.js","statementMap":{"0":{"start":{"line":1,"column":12},"end":{"line":17,"column":1}},"1":{"start":{"line":2,"column":17},"end":{"line":2,"column":54}},"2":{"start":{"line":3,"column":17},"end":{"line":3,"column":77}},"3":{"start":{"line":5,"column":4},"end":{"line":5,"column":59}},"4":{"start":{"line":5,"column":17},"end":{"line":5,"column":59}},"5":{"start":{"line":7,"column":4},"end":{"line":16,"column":5}},"6":{"start":{"line":8,"column":8},"end":{"line":8,"column":60}},"7":{"start":{"line":9,"column":8},"end":{"line":9,"column":88}},"8":{"start":{"line":12,"column":8},"end":{"line":15,"column":9}},"9":{"start":{"line":13,"column":12},"end":{"line":13,"column":30}},"10":{"start":{"line":14,"column":12},"end":{"line":14,"column":73}},"11":{"start":{"line":19,"column":0},"end":{"line":36,"column":1}}},"fnMap":{"0":{"name":"(anonymous_0)","decl":{"start":{"line":1,"column":12},"end":{"line":1,"column":13}},"loc":{"start":{"line":1,"column":43},"end":{"line":17,"column":1}},"line":1}},"branchMap":{"0":{"loc":{"start":{"line":3,"column":17},"end":{"line":3,"column":77}},"type":"binary-expr","locations":[{"start":{"line":3,"column":17},"end":{"line":3,"column":56}},{"start":{"line":3,"column":60},"end":{"line":3,"column":77}}],"line":3},"1":{"loc":{"start":{"line":5,"column":4},"end":{"line":5,"column":59}},"type":"if","locations":[{"start":{"line":5,"column":4},"end":{"line":5,"column":59}},{"start":{},"end":{}}],"line":5},"2":{"loc":{"start":{"line":12,"column":8},"end":{"line":15,"column":9}},"type":"if","locations":[{"start":{"line":12,"column":8},"end":{"line":15,"column":9}},{"start":{},"end":{}}],"line":12}},"s":{"0":1,"1":0,"2":0,"3":0,"4":0,"5":0,"6":0,"7":0,"8":0,"9":0,"10":0,"11":1},"f":{"0":0},"b":{"0":[0,0],"1":[0,0],"2":[0,0]},"_coverageSchema":"1a1c01bbd47fc00a2c39e90264f33305004495a9","hash":"1aa8aeb09247df284a84a2029e59b05f05e39df9"}
,"C:\\Users\\Justi\\Documents\\GitHub\\GameMaster\\slashcommands\\ping.js": {"path":"C:\\Users\\Justi\\Documents\\GitHub\\GameMaster\\slashcommands\\ping.js","statementMap":{"0":{"start":{"line":1,"column":12},"end":{"line":3,"column":1}},"1":{"start":{"line":2,"column":4},"end":{"line":2,"column":38}},"2":{"start":{"line":6,"column":0},"end":{"line":10,"column":1}}},"fnMap":{"0":{"name":"(anonymous_0)","decl":{"start":{"line":1,"column":12},"end":{"line":1,"column":13}},"loc":{"start":{"line":1,"column":43},"end":{"line":3,"column":1}},"line":1}},"branchMap":{},"s":{"0":1,"1":0,"2":1},"f":{"0":0},"b":{},"_coverageSchema":"1a1c01bbd47fc00a2c39e90264f33305004495a9","hash":"b2297c7956bf41d5eb797cb0a815316e3aa3ba83"}
,"C:\\Users\\Justi\\Documents\\GitHub\\GameMaster\\slashcommands\\rps.js": {"path":"C:\\Users\\Justi\\Documents\\GitHub\\GameMaster\\slashcommands\\rps.js","statementMap":{"0":{"start":{"line":1,"column":33},"end":{"line":1,"column":54}},"1":{"start":{"line":2,"column":12},"end":{"line":63,"column":1}},"2":{"start":{"line":5,"column":22},"end":{"line":5,"column":40}},"3":{"start":{"line":8,"column":18},"end":{"line":13,"column":23}},"4":{"start":{"line":15,"column":14},"end":{"line":18,"column":6}},"5":{"start":{"line":21,"column":4},"end":{"line":21,"column":34}},"6":{"start":{"line":22,"column":4},"end":{"line":22,"column":34}},"7":{"start":{"line":23,"column":4},"end":{"line":23,"column":34}},"8":{"start":{"line":26,"column":4},"end":{"line":33,"column":6}},"9":{"start":{"line":28,"column":8},"end":{"line":32,"column":17}},"10":{"start":{"line":29,"column":12},"end":{"line":29,"column":21}},"11":{"start":{"line":35,"column":19},"end":{"line":35,"column":99}},"12":{"start":{"line":35,"column":41},"end":{"line":35,"column":98}},"13":{"start":{"line":38,"column":22},"end":{"line":38,"column":80}},"14":{"start":{"line":42,"column":4},"end":{"line":55,"column":7}},"15":{"start":{"line":43,"column":26},"end":{"line":43,"column":81}},"16":{"start":{"line":46,"column":23},"end":{"line":46,"column":57}},"17":{"start":{"line":50,"column":22},"end":{"line":52,"column":60}},"18":{"start":{"line":53,"column":12},"end":{"line":53,"column":42}},"19":{"start":{"line":57,"column":4},"end":{"line":62,"column":7}},"20":{"start":{"line":58,"column":22},"end":{"line":60,"column":49}},"21":{"start":{"line":61,"column":12},"end":{"line":61,"column":42}},"22":{"start":{"line":66,"column":4},"end":{"line":74,"column":13}},"23":{"start":{"line":69,"column":12},"end":{"line":69,"column":30}},"24":{"start":{"line":70,"column":19},"end":{"line":74,"column":13}},"25":{"start":{"line":71,"column":20},"end":{"line":71,"column":40}},"26":{"start":{"line":73,"column":20},"end":{"line":73,"column":39}},"27":{"start":{"line":77,"column":0},"end":{"line":82,"column":1}}},"fnMap":{"0":{"name":"(anonymous_0)","decl":{"start":{"line":2,"column":12},"end":{"line":2,"column":13}},"loc":{"start":{"line":2,"column":43},"end":{"line":63,"column":1}},"line":2},"1":{"name":"(anonymous_1)","decl":{"start":{"line":26,"column":22},"end":{"line":26,"column":23}},"loc":{"start":{"line":26,"column":43},"end":{"line":33,"column":5}},"line":26},"2":{"name":"(anonymous_2)","decl":{"start":{"line":28,"column":19},"end":{"line":28,"column":20}},"loc":{"start":{"line":28,"column":27},"end":{"line":32,"column":9}},"line":28},"3":{"name":"(anonymous_3)","decl":{"start":{"line":35,"column":19},"end":{"line":35,"column":20}},"loc":{"start":{"line":35,"column":40},"end":{"line":35,"column":99}},"line":35},"4":{"name":"(anonymous_4)","decl":{"start":{"line":42,"column":29},"end":{"line":42,"column":30}},"loc":{"start":{"line":42,"column":48},"end":{"line":55,"column":5}},"line":42},"5":{"name":"(anonymous_5)","decl":{"start":{"line":57,"column":25},"end":{"line":57,"column":26}},"loc":{"start":{"line":57,"column":30},"end":{"line":62,"column":5}},"line":57},"6":{"name":"getResult","decl":{"start":{"line":65,"column":9},"end":{"line":65,"column":18}},"loc":{"start":{"line":65,"column":37},"end":{"line":75,"column":9}},"line":65}},"branchMap":{"0":{"loc":{"start":{"line":35,"column":41},"end":{"line":35,"column":98}},"type":"binary-expr","locations":[{"start":{"line":35,"column":41},"end":{"line":35,"column":69}},{"start":{"line":35,"column":73},"end":{"line":35,"column":98}}],"line":35},"1":{"loc":{"start":{"line":66,"column":4},"end":{"line":74,"column":13}},"type":"if","locations":[{"start":{"line":66,"column":4},"end":{"line":74,"column":13}},{"start":{"line":70,"column":19},"end":{"line":74,"column":13}}],"line":66},"2":{"loc":{"start":{"line":66,"column":8},"end":{"line":68,"column":46}},"type":"binary-expr","locations":[{"start":{"line":66,"column":9},"end":{"line":66,"column":20}},{"start":{"line":66,"column":24},"end":{"line":66,"column":45}},{"start":{"line":67,"column":9},"end":{"line":67,"column":20}},{"start":{"line":67,"column":24},"end":{"line":67,"column":45}},{"start":{"line":68,"column":9},"end":{"line":68,"column":20}},{"start":{"line":68,"column":24},"end":{"line":68,"column":45}}],"line":66},"3":{"loc":{"start":{"line":70,"column":19},"end":{"line":74,"column":13}},"type":"if","locations":[{"start":{"line":70,"column":19},"end":{"line":74,"column":13}},{"start":{"line":72,"column":19},"end":{"line":74,"column":13}}],"line":70}},"s":{"0":1,"1":1,"2":0,"3":0,"4":0,"5":0,"6":0,"7":0,"8":0,"9":0,"10":0,"11":0,"12":0,"13":0,"14":0,"15":0,"16":0,"17":0,"18":0,"19":0,"20":0,"21":0,"22":9,"23":3,"24":6,"25":3,"26":3,"27":1},"f":{"0":0,"1":0,"2":0,"3":0,"4":0,"5":0,"6":9},"b":{"0":[0,0],"1":[3,6],"2":[9,3,8,3,7,3],"3":[3,3]},"_coverageSchema":"1a1c01bbd47fc00a2c39e90264f33305004495a9","hash":"b0cc23f7c816a2c84eb7861af09d458c149ea29d"}
,"C:\\Users\\Justi\\Documents\\GitHub\\GameMaster\\slashcommands\\tictactoe.js": {"path":"C:\\Users\\Justi\\Documents\\GitHub\\GameMaster\\slashcommands\\tictactoe.js","statementMap":{"0":{"start":{"line":1,"column":18},"end":{"line":1,"column":46}},"1":{"start":{"line":3,"column":12},"end":{"line":6,"column":1}},"2":{"start":{"line":4,"column":17},"end":{"line":4,"column":77}},"3":{"start":{"line":5,"column":4},"end":{"line":5,"column":40}},"4":{"start":{"line":7,"column":4},"end":{"line":19,"column":1}}},"fnMap":{"0":{"name":"(anonymous_0)","decl":{"start":{"line":3,"column":12},"end":{"line":3,"column":13}},"loc":{"start":{"line":3,"column":43},"end":{"line":6,"column":1}},"line":3}},"branchMap":{},"s":{"0":1,"1":1,"2":0,"3":0,"4":1},"f":{"0":0},"b":{},"_coverageSchema":"1a1c01bbd47fc00a2c39e90264f33305004495a9","hash":"6cc5a86cba247b97da8e919034a9c7191617e67c"}
,"C:\\Users\\Justi\\Documents\\GitHub\\GameMaster\\slashcommands\\timeout.js": {"path":"C:\\Users\\Justi\\Documents\\GitHub\\GameMaster\\slashcommands\\timeout.js","statementMap":{"0":{"start":{"line":1,"column":18},"end":{"line":9,"column":1}},"1":{"start":{"line":11,"column":12},"end":{"line":28,"column":1}},"2":{"start":{"line":12,"column":17},"end":{"line":12,"column":54}},"3":{"start":{"line":13,"column":19},"end":{"line":13,"column":60}},"4":{"start":{"line":14,"column":17},"end":{"line":14,"column":77}},"5":{"start":{"line":16,"column":4},"end":{"line":16,"column":59}},"6":{"start":{"line":16,"column":17},"end":{"line":16,"column":59}},"7":{"start":{"line":18,"column":4},"end":{"line":27,"column":5}},"8":{"start":{"line":19,"column":8},"end":{"line":19,"column":46}},"9":{"start":{"line":20,"column":8},"end":{"line":20,"column":154}},"10":{"start":{"line":20,"column":97},"end":{"line":20,"column":117}},"11":{"start":{"line":23,"column":8},"end":{"line":26,"column":9}},"12":{"start":{"line":24,"column":12},"end":{"line":24,"column":30}},"13":{"start":{"line":25,"column":12},"end":{"line":25,"column":76}},"14":{"start":{"line":30,"column":0},"end":{"line":54,"column":1}}},"fnMap":{"0":{"name":"(anonymous_0)","decl":{"start":{"line":11,"column":12},"end":{"line":11,"column":13}},"loc":{"start":{"line":11,"column":43},"end":{"line":28,"column":1}},"line":11},"1":{"name":"(anonymous_1)","decl":{"start":{"line":20,"column":93},"end":{"line":20,"column":94}},"loc":{"start":{"line":20,"column":97},"end":{"line":20,"column":117}},"line":20}},"branchMap":{"0":{"loc":{"start":{"line":14,"column":17},"end":{"line":14,"column":77}},"type":"binary-expr","locations":[{"start":{"line":14,"column":17},"end":{"line":14,"column":56}},{"start":{"line":14,"column":60},"end":{"line":14,"column":77}}],"line":14},"1":{"loc":{"start":{"line":16,"column":4},"end":{"line":16,"column":59}},"type":"if","locations":[{"start":{"line":16,"column":4},"end":{"line":16,"column":59}},{"start":{},"end":{}}],"line":16},"2":{"loc":{"start":{"line":23,"column":8},"end":{"line":26,"column":9}},"type":"if","locations":[{"start":{"line":23,"column":8},"end":{"line":26,"column":9}},{"start":{},"end":{}}],"line":23}},"s":{"0":1,"1":1,"2":0,"3":0,"4":0,"5":0,"6":0,"7":0,"8":0,"9":0,"10":0,"11":0,"12":0,"13":0,"14":1},"f":{"0":0,"1":0},"b":{"0":[0,0],"1":[0,0],"2":[0,0]},"_coverageSchema":"1a1c01bbd47fc00a2c39e90264f33305004495a9","hash":"0f0a99df0bd073b06f1b6a1776c216bed9b76a05"}
}
