{"C:\\Users\\Justi\\Documents\\GitHub\\GameMaster\\index.js": {"path":"C:\\Users\\Justi\\Documents\\GitHub\\GameMaster\\index.js","statementMap":{"0":{"start":{"line":1,"column":16},"end":{"line":1,"column":37}},"1":{"start":{"line":3,"column":0},"end":{"line":3,"column":26}},"2":{"start":{"line":5,"column":15},"end":{"line":7,"column":2}},"3":{"start":{"line":9,"column":10},"end":{"line":11,"column":1}},"4":{"start":{"line":13,"column":0},"end":{"line":15,"column":2}},"5":{"start":{"line":14,"column":4},"end":{"line":14,"column":50}},"6":{"start":{"line":17,"column":0},"end":{"line":17,"column":47}},"7":{"start":{"line":19,"column":0},"end":{"line":19,"column":92}},"8":{"start":{"line":19,"column":44},"end":{"line":19,"column":92}},"9":{"start":{"line":20,"column":0},"end":{"line":20,"column":36}},"10":{"start":{"line":22,"column":0},"end":{"line":34,"column":2}},"11":{"start":{"line":23,"column":4},"end":{"line":23,"column":40}},"12":{"start":{"line":23,"column":34},"end":{"line":23,"column":40}},"13":{"start":{"line":24,"column":4},"end":{"line":24,"column":101}},"14":{"start":{"line":24,"column":32},"end":{"line":24,"column":101}},"15":{"start":{"line":26,"column":21},"end":{"line":26,"column":70}},"16":{"start":{"line":28,"column":4},"end":{"line":28,"column":68}},"17":{"start":{"line":28,"column":19},"end":{"line":28,"column":68}},"18":{"start":{"line":30,"column":4},"end":{"line":31,"column":79}},"19":{"start":{"line":31,"column":8},"end":{"line":31,"column":79}},"20":{"start":{"line":33,"column":4},"end":{"line":33,"column":37}},"21":{"start":{"line":37,"column":4},"end":{"line":37,"column":17}},"22":{"start":{"line":39,"column":2},"end":{"line":39,"column":23}},"23":{"start":{"line":41,"column":0},"end":{"line":41,"column":31}}},"fnMap":{"0":{"name":"(anonymous_0)","decl":{"start":{"line":13,"column":19},"end":{"line":13,"column":20}},"loc":{"start":{"line":13,"column":25},"end":{"line":15,"column":1}},"line":13},"1":{"name":"(anonymous_1)","decl":{"start":{"line":19,"column":27},"end":{"line":19,"column":28}},"loc":{"start":{"line":19,"column":44},"end":{"line":19,"column":92}},"line":19},"2":{"name":"(anonymous_2)","decl":{"start":{"line":22,"column":31},"end":{"line":22,"column":32}},"loc":{"start":{"line":22,"column":48},"end":{"line":34,"column":1}},"line":22},"3":{"name":"sum","decl":{"start":{"line":36,"column":9},"end":{"line":36,"column":12}},"loc":{"start":{"line":36,"column":19},"end":{"line":38,"column":3}},"line":36}},"branchMap":{"0":{"loc":{"start":{"line":23,"column":4},"end":{"line":23,"column":40}},"type":"if","locations":[{"start":{"line":23,"column":4},"end":{"line":23,"column":40}},{"start":{},"end":{}}],"line":23},"1":{"loc":{"start":{"line":24,"column":4},"end":{"line":24,"column":101}},"type":"if","locations":[{"start":{"line":24,"column":4},"end":{"line":24,"column":101}},{"start":{},"end":{}}],"line":24},"2":{"loc":{"start":{"line":28,"column":4},"end":{"line":28,"column":68}},"type":"if","locations":[{"start":{"line":28,"column":4},"end":{"line":28,"column":68}},{"start":{},"end":{}}],"line":28},"3":{"loc":{"start":{"line":30,"column":4},"end":{"line":31,"column":79}},"type":"if","locations":[{"start":{"line":30,"column":4},"end":{"line":31,"column":79}},{"start":{},"end":{}}],"line":30},"4":{"loc":{"start":{"line":30,"column":8},"end":{"line":30,"column":75}},"type":"binary-expr","locations":[{"start":{"line":30,"column":8},"end":{"line":30,"column":21}},{"start":{"line":30,"column":25},"end":{"line":30,"column":75}}],"line":30}},"s":{"0":1,"1":1,"2":1,"3":1,"4":1,"5":0,"6":1,"7":1,"8":1,"9":1,"10":1,"11":0,"12":0,"13":0,"14":0,"15":0,"16":0,"17":0,"18":0,"19":0,"20":0,"21":1,"22":1,"23":1},"f":{"0":0,"1":1,"2":0,"3":1},"b":{"0":[0,0],"1":[0,0],"2":[0,0],"3":[0,0],"4":[0,0]},"_coverageSchema":"1a1c01bbd47fc00a2c39e90264f33305004495a9","hash":"26ae579a43fdccfb2eca5e844e666d14fe32a534"}
,"C:\\Users\\Justi\\Documents\\GitHub\\GameMaster\\handlers\\slashcommands.js": {"path":"C:\\Users\\Justi\\Documents\\GitHub\\GameMaster\\handlers\\slashcommands.js","statementMap":{"0":{"start":{"line":1,"column":11},"end":{"line":1,"column":24}},"1":{"start":{"line":3,"column":17},"end":{"line":5,"column":1}},"2":{"start":{"line":4,"column":4},"end":{"line":4,"column":63}},"3":{"start":{"line":4,"column":44},"end":{"line":4,"column":62}},"4":{"start":{"line":7,"column":0},"end":{"line":20,"column":1}},"5":{"start":{"line":8,"column":23},"end":{"line":8,"column":26}},"6":{"start":{"line":10,"column":24},"end":{"line":10,"column":59}},"7":{"start":{"line":12,"column":4},"end":{"line":13,"column":47}},"8":{"start":{"line":13,"column":8},"end":{"line":13,"column":47}},"9":{"start":{"line":15,"column":4},"end":{"line":19,"column":6}},"10":{"start":{"line":16,"column":8},"end":{"line":16,"column":82}},"11":{"start":{"line":16,"column":20},"end":{"line":16,"column":82}},"12":{"start":{"line":17,"column":25},"end":{"line":17,"column":57}},"13":{"start":{"line":18,"column":8},"end":{"line":18,"column":57}}},"fnMap":{"0":{"name":"(anonymous_0)","decl":{"start":{"line":3,"column":17},"end":{"line":3,"column":18}},"loc":{"start":{"line":3,"column":35},"end":{"line":5,"column":1}},"line":3},"1":{"name":"(anonymous_1)","decl":{"start":{"line":4,"column":39},"end":{"line":4,"column":40}},"loc":{"start":{"line":4,"column":44},"end":{"line":4,"column":62}},"line":4},"2":{"name":"(anonymous_2)","decl":{"start":{"line":7,"column":17},"end":{"line":7,"column":18}},"loc":{"start":{"line":7,"column":34},"end":{"line":20,"column":1}},"line":7},"3":{"name":"(anonymous_3)","decl":{"start":{"line":15,"column":26},"end":{"line":15,"column":27}},"loc":{"start":{"line":15,"column":31},"end":{"line":19,"column":5}},"line":15}},"branchMap":{"0":{"loc":{"start":{"line":12,"column":4},"end":{"line":13,"column":47}},"type":"if","locations":[{"start":{"line":12,"column":4},"end":{"line":13,"column":47}},{"start":{},"end":{}}],"line":12},"1":{"loc":{"start":{"line":16,"column":8},"end":{"line":16,"column":82}},"type":"if","locations":[{"start":{"line":16,"column":8},"end":{"line":16,"column":82}},{"start":{},"end":{}}],"line":16}},"s":{"0":1,"1":1,"2":1,"3":5,"4":1,"5":1,"6":1,"7":1,"8":0,"9":1,"10":5,"11":0,"12":5,"13":5},"f":{"0":1,"1":5,"2":1,"3":5},"b":{"0":[0,1],"1":[0,5]},"_coverageSchema":"1a1c01bbd47fc00a2c39e90264f33305004495a9","hash":"58bfc5fd9900b84e435cf3009c2d636fa19b25f5"}
,"C:\\Users\\Justi\\Documents\\GitHub\\GameMaster\\slashcommands\\kick.js": {"path":"C:\\Users\\Justi\\Documents\\GitHub\\GameMaster\\slashcommands\\kick.js","statementMap":{"0":{"start":{"line":1,"column":12},"end":{"line":17,"column":1}},"1":{"start":{"line":2,"column":17},"end":{"line":2,"column":54}},"2":{"start":{"line":3,"column":17},"end":{"line":3,"column":77}},"3":{"start":{"line":5,"column":4},"end":{"line":5,"column":59}},"4":{"start":{"line":5,"column":17},"end":{"line":5,"column":59}},"5":{"start":{"line":7,"column":4},"end":{"line":16,"column":5}},"6":{"start":{"line":8,"column":8},"end":{"line":8,"column":60}},"7":{"start":{"line":9,"column":8},"end":{"line":9,"column":88}},"8":{"start":{"line":12,"column":8},"end":{"line":15,"column":9}},"9":{"start":{"line":13,"column":12},"end":{"line":13,"column":30}},"10":{"start":{"line":14,"column":12},"end":{"line":14,"column":73}},"11":{"start":{"line":19,"column":0},"end":{"line":36,"column":1}}},"fnMap":{"0":{"name":"(anonymous_0)","decl":{"start":{"line":1,"column":12},"end":{"line":1,"column":13}},"loc":{"start":{"line":1,"column":43},"end":{"line":17,"column":1}},"line":1}},"branchMap":{"0":{"loc":{"start":{"line":3,"column":17},"end":{"line":3,"column":77}},"type":"binary-expr","locations":[{"start":{"line":3,"column":17},"end":{"line":3,"column":56}},{"start":{"line":3,"column":60},"end":{"line":3,"column":77}}],"line":3},"1":{"loc":{"start":{"line":5,"column":4},"end":{"line":5,"column":59}},"type":"if","locations":[{"start":{"line":5,"column":4},"end":{"line":5,"column":59}},{"start":{},"end":{}}],"line":5},"2":{"loc":{"start":{"line":12,"column":8},"end":{"line":15,"column":9}},"type":"if","locations":[{"start":{"line":12,"column":8},"end":{"line":15,"column":9}},{"start":{},"end":{}}],"line":12}},"s":{"0":1,"1":0,"2":0,"3":0,"4":0,"5":0,"6":0,"7":0,"8":0,"9":0,"10":0,"11":1},"f":{"0":0},"b":{"0":[0,0],"1":[0,0],"2":[0,0]},"_coverageSchema":"1a1c01bbd47fc00a2c39e90264f33305004495a9","hash":"1aa8aeb09247df284a84a2029e59b05f05e39df9"}
,"C:\\Users\\Justi\\Documents\\GitHub\\GameMaster\\slashcommands\\ping.js": {"path":"C:\\Users\\Justi\\Documents\\GitHub\\GameMaster\\slashcommands\\ping.js","statementMap":{"0":{"start":{"line":1,"column":12},"end":{"line":3,"column":1}},"1":{"start":{"line":2,"column":4},"end":{"line":2,"column":38}},"2":{"start":{"line":6,"column":0},"end":{"line":10,"column":1}}},"fnMap":{"0":{"name":"(anonymous_0)","decl":{"start":{"line":1,"column":12},"end":{"line":1,"column":13}},"loc":{"start":{"line":1,"column":43},"end":{"line":3,"column":1}},"line":1}},"branchMap":{},"s":{"0":1,"1":0,"2":1},"f":{"0":0},"b":{},"_coverageSchema":"1a1c01bbd47fc00a2c39e90264f33305004495a9","hash":"b2297c7956bf41d5eb797cb0a815316e3aa3ba83"}
,"C:\\Users\\Justi\\Documents\\GitHub\\GameMaster\\slashcommands\\rps.js": {"path":"C:\\Users\\Justi\\Documents\\GitHub\\GameMaster\\slashcommands\\rps.js","statementMap":{"0":{"start":{"line":1,"column":33},"end":{"line":1,"column":54}},"1":{"start":{"line":2,"column":12},"end":{"line":62,"column":1}},"2":{"start":{"line":6,"column":22},"end":{"line":6,"column":40}},"3":{"start":{"line":21,"column":18},"end":{"line":25,"column":23}},"4":{"start":{"line":28,"column":14},"end":{"line":31,"column":6}},"5":{"start":{"line":34,"column":4},"end":{"line":34,"column":34}},"6":{"start":{"line":35,"column":4},"end":{"line":35,"column":34}},"7":{"start":{"line":36,"column":4},"end":{"line":36,"column":34}},"8":{"start":{"line":38,"column":19},"end":{"line":38,"column":99}},"9":{"start":{"line":38,"column":41},"end":{"line":38,"column":98}},"10":{"start":{"line":40,"column":22},"end":{"line":40,"column":87}},"11":{"start":{"line":44,"column":4},"end":{"line":56,"column":10}},"12":{"start":{"line":45,"column":26},"end":{"line":45,"column":81}},"13":{"start":{"line":48,"column":23},"end":{"line":48,"column":57}},"14":{"start":{"line":52,"column":22},"end":{"line":54,"column":60}},"15":{"start":{"line":55,"column":12},"end":{"line":55,"column":42}},"16":{"start":{"line":58,"column":4},"end":{"line":61,"column":7}},"17":{"start":{"line":60,"column":8},"end":{"line":60,"column":15}},"18":{"start":{"line":65,"column":4},"end":{"line":73,"column":13}},"19":{"start":{"line":68,"column":12},"end":{"line":68,"column":30}},"20":{"start":{"line":69,"column":19},"end":{"line":73,"column":13}},"21":{"start":{"line":70,"column":20},"end":{"line":70,"column":40}},"22":{"start":{"line":72,"column":20},"end":{"line":72,"column":39}},"23":{"start":{"line":83,"column":0},"end":{"line":88,"column":4}}},"fnMap":{"0":{"name":"(anonymous_0)","decl":{"start":{"line":2,"column":12},"end":{"line":2,"column":13}},"loc":{"start":{"line":2,"column":43},"end":{"line":62,"column":1}},"line":2},"1":{"name":"(anonymous_1)","decl":{"start":{"line":38,"column":19},"end":{"line":38,"column":20}},"loc":{"start":{"line":38,"column":40},"end":{"line":38,"column":99}},"line":38},"2":{"name":"(anonymous_2)","decl":{"start":{"line":44,"column":29},"end":{"line":44,"column":30}},"loc":{"start":{"line":44,"column":48},"end":{"line":56,"column":9}},"line":44},"3":{"name":"(anonymous_3)","decl":{"start":{"line":58,"column":25},"end":{"line":58,"column":26}},"loc":{"start":{"line":58,"column":30},"end":{"line":61,"column":5}},"line":58},"4":{"name":"getResult","decl":{"start":{"line":64,"column":9},"end":{"line":64,"column":18}},"loc":{"start":{"line":64,"column":37},"end":{"line":74,"column":9}},"line":64}},"branchMap":{"0":{"loc":{"start":{"line":38,"column":41},"end":{"line":38,"column":98}},"type":"binary-expr","locations":[{"start":{"line":38,"column":41},"end":{"line":38,"column":69}},{"start":{"line":38,"column":73},"end":{"line":38,"column":98}}],"line":38},"1":{"loc":{"start":{"line":65,"column":4},"end":{"line":73,"column":13}},"type":"if","locations":[{"start":{"line":65,"column":4},"end":{"line":73,"column":13}},{"start":{"line":69,"column":19},"end":{"line":73,"column":13}}],"line":65},"2":{"loc":{"start":{"line":65,"column":8},"end":{"line":67,"column":46}},"type":"binary-expr","locations":[{"start":{"line":65,"column":9},"end":{"line":65,"column":20}},{"start":{"line":65,"column":24},"end":{"line":65,"column":45}},{"start":{"line":66,"column":9},"end":{"line":66,"column":20}},{"start":{"line":66,"column":24},"end":{"line":66,"column":45}},{"start":{"line":67,"column":9},"end":{"line":67,"column":20}},{"start":{"line":67,"column":24},"end":{"line":67,"column":45}}],"line":65},"3":{"loc":{"start":{"line":69,"column":19},"end":{"line":73,"column":13}},"type":"if","locations":[{"start":{"line":69,"column":19},"end":{"line":73,"column":13}},{"start":{"line":71,"column":19},"end":{"line":73,"column":13}}],"line":69}},"s":{"0":1,"1":1,"2":0,"3":0,"4":0,"5":0,"6":0,"7":0,"8":0,"9":0,"10":0,"11":0,"12":0,"13":0,"14":0,"15":0,"16":0,"17":0,"18":9,"19":3,"20":6,"21":3,"22":3,"23":1},"f":{"0":0,"1":0,"2":0,"3":0,"4":9},"b":{"0":[0,0],"1":[3,6],"2":[9,3,8,3,7,3],"3":[3,3]},"_coverageSchema":"1a1c01bbd47fc00a2c39e90264f33305004495a9","hash":"c4c4f1e2087d49dd87d2e119045df4864399d58e"}
,"C:\\Users\\Justi\\Documents\\GitHub\\GameMaster\\slashcommands\\tictactoe.js": {"path":"C:\\Users\\Justi\\Documents\\GitHub\\GameMaster\\slashcommands\\tictactoe.js","statementMap":{"0":{"start":{"line":1,"column":18},"end":{"line":1,"column":46}},"1":{"start":{"line":3,"column":12},"end":{"line":6,"column":1}},"2":{"start":{"line":4,"column":17},"end":{"line":4,"column":77}},"3":{"start":{"line":5,"column":4},"end":{"line":5,"column":40}},"4":{"start":{"line":7,"column":4},"end":{"line":19,"column":1}}},"fnMap":{"0":{"name":"(anonymous_0)","decl":{"start":{"line":3,"column":12},"end":{"line":3,"column":13}},"loc":{"start":{"line":3,"column":43},"end":{"line":6,"column":1}},"line":3}},"branchMap":{},"s":{"0":1,"1":1,"2":0,"3":0,"4":1},"f":{"0":0},"b":{},"_coverageSchema":"1a1c01bbd47fc00a2c39e90264f33305004495a9","hash":"6cc5a86cba247b97da8e919034a9c7191617e67c"}
,"C:\\Users\\Justi\\Documents\\GitHub\\GameMaster\\slashcommands\\timeout.js": {"path":"C:\\Users\\Justi\\Documents\\GitHub\\GameMaster\\slashcommands\\timeout.js","statementMap":{"0":{"start":{"line":1,"column":18},"end":{"line":9,"column":1}},"1":{"start":{"line":11,"column":12},"end":{"line":28,"column":1}},"2":{"start":{"line":12,"column":17},"end":{"line":12,"column":54}},"3":{"start":{"line":13,"column":19},"end":{"line":13,"column":60}},"4":{"start":{"line":14,"column":17},"end":{"line":14,"column":77}},"5":{"start":{"line":16,"column":4},"end":{"line":16,"column":59}},"6":{"start":{"line":16,"column":17},"end":{"line":16,"column":59}},"7":{"start":{"line":18,"column":4},"end":{"line":27,"column":5}},"8":{"start":{"line":19,"column":8},"end":{"line":19,"column":46}},"9":{"start":{"line":20,"column":8},"end":{"line":20,"column":154}},"10":{"start":{"line":20,"column":97},"end":{"line":20,"column":117}},"11":{"start":{"line":23,"column":8},"end":{"line":26,"column":9}},"12":{"start":{"line":24,"column":12},"end":{"line":24,"column":30}},"13":{"start":{"line":25,"column":12},"end":{"line":25,"column":76}},"14":{"start":{"line":30,"column":0},"end":{"line":54,"column":1}}},"fnMap":{"0":{"name":"(anonymous_0)","decl":{"start":{"line":11,"column":12},"end":{"line":11,"column":13}},"loc":{"start":{"line":11,"column":43},"end":{"line":28,"column":1}},"line":11},"1":{"name":"(anonymous_1)","decl":{"start":{"line":20,"column":93},"end":{"line":20,"column":94}},"loc":{"start":{"line":20,"column":97},"end":{"line":20,"column":117}},"line":20}},"branchMap":{"0":{"loc":{"start":{"line":14,"column":17},"end":{"line":14,"column":77}},"type":"binary-expr","locations":[{"start":{"line":14,"column":17},"end":{"line":14,"column":56}},{"start":{"line":14,"column":60},"end":{"line":14,"column":77}}],"line":14},"1":{"loc":{"start":{"line":16,"column":4},"end":{"line":16,"column":59}},"type":"if","locations":[{"start":{"line":16,"column":4},"end":{"line":16,"column":59}},{"start":{},"end":{}}],"line":16},"2":{"loc":{"start":{"line":23,"column":8},"end":{"line":26,"column":9}},"type":"if","locations":[{"start":{"line":23,"column":8},"end":{"line":26,"column":9}},{"start":{},"end":{}}],"line":23}},"s":{"0":1,"1":1,"2":0,"3":0,"4":0,"5":0,"6":0,"7":0,"8":0,"9":0,"10":0,"11":0,"12":0,"13":0,"14":1},"f":{"0":0,"1":0},"b":{"0":[0,0],"1":[0,0],"2":[0,0]},"_coverageSchema":"1a1c01bbd47fc00a2c39e90264f33305004495a9","hash":"0f0a99df0bd073b06f1b6a1776c216bed9b76a05"}
}
