TN:
SF:index.js
FN:13,(anonymous_0)
FN:19,(anonymous_1)
FN:22,(anonymous_2)
FNF:3
FNH:1
FNDA:0,(anonymous_0)
FNDA:1,(anonymous_1)
FNDA:0,(anonymous_2)
DA:1,1
DA:3,1
DA:5,1
DA:9,1
DA:13,1
DA:14,0
DA:17,1
DA:19,1
DA:20,1
DA:22,1
DA:23,0
DA:24,0
DA:26,0
DA:28,0
DA:30,0
DA:31,0
DA:33,0
DA:37,1
LF:18
LH:10
BRDA:23,0,0,0
BRDA:23,0,1,0
BRDA:24,1,0,0
BRDA:24,1,1,0
BRDA:28,2,0,0
BRDA:28,2,1,0
BRDA:30,3,0,0
BRDA:30,3,1,0
BRDA:30,4,0,0
BRDA:30,4,1,0
BRF:10
BRH:0
end_of_record
TN:
SF:handlers\slashcommands.js
FN:3,(anonymous_0)
FN:4,(anonymous_1)
FN:7,(anonymous_2)
FN:15,(anonymous_3)
FNF:4
FNH:4
FNDA:1,(anonymous_0)
FNDA:6,(anonymous_1)
FNDA:1,(anonymous_2)
FNDA:6,(anonymous_3)
DA:1,1
DA:3,1
DA:4,6
DA:7,1
DA:8,1
DA:10,1
DA:12,1
DA:13,0
DA:15,1
DA:16,6
DA:17,6
DA:18,6
LF:12
LH:11
BRDA:12,0,0,0
BRDA:12,0,1,1
BRDA:16,1,0,0
BRDA:16,1,1,6
BRF:4
BRH:2
end_of_record
TN:
SF:slashcommands\hilo.js
FN:2,(anonymous_0)
FN:46,(anonymous_1)
FN:48,(anonymous_2)
FN:56,(anonymous_3)
FN:61,(anonymous_4)
FN:149,(anonymous_5)
FN:154,getRandomCard
FN:159,removeCard
FN:166,getCardValue
FNF:9
FNH:3
FNDA:0,(anonymous_0)
FNDA:0,(anonymous_1)
FNDA:0,(anonymous_2)
FNDA:0,(anonymous_3)
FNDA:0,(anonymous_4)
FNDA:0,(anonymous_5)
FNDA:2,getRandomCard
FNDA:1,removeCard
FNDA:52,getCardValue
DA:1,1
DA:2,1
DA:4,0
DA:18,0
DA:19,0
DA:20,0
DA:21,0
DA:22,0
DA:23,0
DA:28,0
DA:36,0
DA:42,0
DA:43,0
DA:46,0
DA:48,0
DA:49,0
DA:56,0
DA:59,0
DA:61,0
DA:64,0
DA:65,0
DA:66,0
DA:67,0
DA:68,0
DA:69,0
DA:70,0
DA:71,0
DA:73,0
DA:77,0
DA:78,0
DA:79,0
DA:80,0
DA:81,0
DA:83,0
DA:84,0
DA:86,0
DA:88,0
DA:89,0
DA:94,0
DA:95,0
DA:100,0
DA:101,0
DA:102,0
DA:103,0
DA:104,0
DA:105,0
DA:107,0
DA:108,0
DA:111,0
DA:113,0
DA:114,0
DA:119,0
DA:120,0
DA:124,0
DA:125,0
DA:126,0
DA:132,0
DA:135,0
DA:141,0
DA:142,0
DA:145,0
DA:149,0
DA:150,0
DA:155,2
DA:156,2
DA:160,1
DA:162,1
DA:168,52
DA:169,52
DA:171,52
DA:172,52
DA:179,52
DA:180,48
DA:181,48
DA:182,48
DA:184,4
DA:185,4
DA:187,4
DA:188,4
DA:190,4
DA:191,4
DA:193,4
DA:194,4
DA:196,4
DA:197,4
DA:199,4
DA:200,4
DA:202,4
DA:203,4
DA:205,4
DA:206,4
DA:208,4
DA:209,4
DA:211,4
DA:212,4
DA:214,4
DA:215,4
DA:217,4
DA:218,4
DA:222,48
DA:225,4
DA:226,4
DA:229,1
LF:103
LH:42
BRDA:69,0,0,0
BRDA:69,0,1,0
BRDA:77,1,0,0
BRDA:77,1,1,0
BRDA:81,2,0,0
BRDA:81,2,1,0
BRDA:86,3,0,0
BRDA:86,3,1,0
BRDA:100,4,0,0
BRDA:100,4,1,0
BRDA:105,5,0,0
BRDA:105,5,1,0
BRDA:111,6,0,0
BRDA:111,6,1,0
BRDA:124,7,0,0
BRDA:124,7,1,0
BRDA:179,8,0,48
BRDA:179,8,1,4
BRDA:182,9,0,4
BRDA:182,9,1,4
BRDA:182,9,2,4
BRDA:182,9,3,4
BRDA:182,9,4,4
BRDA:182,9,5,4
BRDA:182,9,6,4
BRDA:182,9,7,4
BRDA:182,9,8,4
BRDA:182,9,9,4
BRDA:182,9,10,4
BRDA:182,9,11,4
BRDA:182,9,12,0
BRF:31
BRH:14
end_of_record
TN:
SF:slashcommands\kick.js
FN:1,(anonymous_0)
FNF:1
FNH:0
FNDA:0,(anonymous_0)
DA:1,1
DA:2,0
DA:3,0
DA:5,0
DA:7,0
DA:8,0
DA:9,0
DA:12,0
DA:13,0
DA:14,0
DA:19,1
LF:11
LH:2
BRDA:3,0,0,0
BRDA:3,0,1,0
BRDA:5,1,0,0
BRDA:5,1,1,0
BRDA:12,2,0,0
BRDA:12,2,1,0
BRF:6
BRH:0
end_of_record
TN:
SF:slashcommands\ping.js
FN:1,(anonymous_0)
FNF:1
FNH:0
FNDA:0,(anonymous_0)
DA:1,1
DA:2,0
DA:6,1
LF:3
LH:2
BRF:0
BRH:0
end_of_record
TN:
SF:slashcommands\rps.js
FN:2,(anonymous_0)
FN:26,(anonymous_1)
FN:28,(anonymous_2)
FN:35,(anonymous_3)
FN:42,(anonymous_4)
FN:57,(anonymous_5)
FN:65,getResult
FNF:7
FNH:1
FNDA:0,(anonymous_0)
FNDA:0,(anonymous_1)
FNDA:0,(anonymous_2)
FNDA:0,(anonymous_3)
FNDA:0,(anonymous_4)
FNDA:0,(anonymous_5)
FNDA:9,getResult
DA:1,1
DA:2,1
DA:5,0
DA:8,0
DA:15,0
DA:21,0
DA:22,0
DA:23,0
DA:26,0
DA:28,0
DA:29,0
DA:35,0
DA:38,0
DA:42,0
DA:43,0
DA:46,0
DA:50,0
DA:53,0
DA:57,0
DA:58,0
DA:61,0
DA:66,9
DA:69,3
DA:70,6
DA:71,3
DA:73,3
DA:77,1
LF:27
LH:8
BRDA:35,0,0,0
BRDA:35,0,1,0
BRDA:66,1,0,3
BRDA:66,1,1,6
BRDA:66,2,0,9
BRDA:66,2,1,3
BRDA:66,2,2,8
BRDA:66,2,3,3
BRDA:66,2,4,7
BRDA:66,2,5,3
BRDA:70,3,0,3
BRDA:70,3,1,3
BRF:12
BRH:10
end_of_record
TN:
SF:slashcommands\tictactoe.js
FN:3,(anonymous_0)
FNF:1
FNH:0
FNDA:0,(anonymous_0)
DA:1,1
DA:3,1
DA:4,0
DA:5,0
DA:7,1
LF:5
LH:3
BRF:0
BRH:0
end_of_record
TN:
SF:slashcommands\timeout.js
FN:11,(anonymous_0)
FN:20,(anonymous_1)
FNF:2
FNH:0
FNDA:0,(anonymous_0)
FNDA:0,(anonymous_1)
DA:1,1
DA:11,1
DA:12,0
DA:13,0
DA:14,0
DA:16,0
DA:18,0
DA:19,0
DA:20,0
DA:23,0
DA:24,0
DA:25,0
DA:30,1
LF:13
LH:3
BRDA:14,0,0,0
BRDA:14,0,1,0
BRDA:16,1,0,0
BRDA:16,1,1,0
BRDA:23,2,0,0
BRDA:23,2,1,0
BRF:6
BRH:0
end_of_record
